build/app/intermediates/manifest_merge_blame_file/debug/manifest-merger-blame-debug-report.txt
1<?xml version="1.0" encoding="utf-8"?>
2<manifest xmlns:android="http://schemas.android.com/apk/res/android"
3    package="com.example.highconnect"
4    android:versionCode="1"
5    android:versionName="1.0.0" >
6
7    <uses-sdk
8        android:minSdkVersion="21"
9        android:targetSdkVersion="31" />
10    <!--
11         The INTERNET permission is required for development. Specifically,
12         the Flutter tool needs it to communicate with the running application
13         to allow setting breakpoints, to provide hot reload, etc.
14    -->
15    <uses-permission android:name="android.permission.INTERNET" />
15-->src\debug\AndroidManifest.xml:7:5-66
15-->src\debug\AndroidManifest.xml:7:22-64
16
17    <queries>
17-->src\main\AndroidManifest.xml:43:5-48:15
18        <intent>
18-->src\main\AndroidManifest.xml:44:9-47:18
19            <action android:name="android.intent.action.SENDTO" />
19-->src\main\AndroidManifest.xml:45:13-69
19-->src\main\AndroidManifest.xml:45:21-66
20
21            <data android:scheme="mailto" />
21-->src\main\AndroidManifest.xml:46:13-47
21-->src\main\AndroidManifest.xml:46:19-44
22        </intent>
23    </queries>
24
25    <uses-permission android:name="android.permission.ACCESS_NETWORK_STATE" />
25-->src\main\AndroidManifest.xml:49:5-79
25-->src\main\AndroidManifest.xml:49:22-76
26    <uses-permission android:name="android.permission.WAKE_LOCK" />
26-->[:firebase_analytics] AndroidManifest.xml:11:5-68
26-->[:firebase_analytics] AndroidManifest.xml:11:22-65
27    <uses-permission android:name="com.google.android.gms.permission.AD_ID" />
27-->[com.google.android.gms:play-services-measurement-api:21.1.1] AndroidManifest.xml:25:5-79
27-->[com.google.android.gms:play-services-measurement-api:21.1.1] AndroidManifest.xml:25:22-76
28    <uses-permission android:name="com.google.android.finsky.permission.BIND_GET_INSTALL_REFERRER_SERVICE" />
28-->[com.google.android.gms:play-services-measurement:21.1.1] AndroidManifest.xml:26:5-110
28-->[com.google.android.gms:play-services-measurement:21.1.1] AndroidManifest.xml:26:22-107
29
30    <application
31        android:name="android.app.Application"
32        android:appComponentFactory="androidx.core.app.CoreComponentFactory"
32-->[androidx.core:core:1.8.0] AndroidManifest.xml:24:18-86
33        android:debuggable="true"
34        android:icon="@mipmap/ic_launcher"
35        android:label="per_pro"
36        android:usesCleartextTraffic="true" >
37        <activity
38            android:name="com.example.per_pro.MainActivity"
39            android:configChanges="orientation|keyboardHidden|keyboard|screenSize|smallestScreenSize|locale|layoutDirection|fontScale|screenLayout|density|uiMode"
40            android:exported="true"
41            android:hardwareAccelerated="true"
42            android:launchMode="singleTop"
43            android:theme="@style/LaunchTheme"
44            android:windowSoftInputMode="adjustResize" >
45
46            <!--
47                 Specifies an Android theme to apply to this Activity as soon as
48                 the Android process has started. This theme is visible to the user
49                 while the Flutter UI initializes. After that, this theme continues
50                 to determine the Window background behind the Flutter UI.
51            -->
52            <meta-data
52-->[com.google.android.gms:play-services-basement:18.1.0] AndroidManifest.xml:21:9-23:69
53                android:name="com.google.android.gms.version"
53-->[com.google.android.gms:play-services-basement:18.1.0] AndroidManifest.xml:22:13-58
54                android:value="@integer/google_play_services_version" /> <!-- version -->
54-->[com.google.android.gms:play-services-basement:18.1.0] AndroidManifest.xml:23:13-66
55            <meta-data
56                android:name="com.google.android.gms.vision.DEPENDENCIES"
57                android:value="barcode" /> <!-- barcode,face,ocr -->
58            <meta-data
59                android:name="io.flutter.embedding.android.NormalTheme"
60                android:resource="@style/NormalTheme" />
61
62            <intent-filter>
63                <action android:name="android.intent.action.MAIN" />
64
65                <category android:name="android.intent.category.LAUNCHER" />
66            </intent-filter>
67        </activity>
68        <!--
69             Don't delete the meta-data below.
70             This is used by the Flutter tool to generate GeneratedPluginRegistrant.java
71        -->
72        <meta-data
73            android:name="flutterEmbedding"
74            android:value="2" />
75
76        <service
76-->[:firebase_analytics] AndroidManifest.xml:14:9-18:19
77            android:name="com.google.firebase.components.ComponentDiscoveryService"
77-->[:firebase_analytics] AndroidManifest.xml:14:18-89
78            android:directBootAware="true"
78-->[com.google.firebase:firebase-common:20.1.2] AndroidManifest.xml:35:13-43
79            android:exported="false" >
79-->[com.google.firebase:firebase-auth:21.0.8] AndroidManifest.xml:66:13-37
80            <meta-data
80-->[:firebase_analytics] AndroidManifest.xml:15:13-17:85
81                android:name="com.google.firebase.components:io.flutter.plugins.firebase.analytics.FlutterFirebaseAppRegistrar"
81-->[:firebase_analytics] AndroidManifest.xml:16:17-128
82                android:value="com.google.firebase.components.ComponentRegistrar" />
82-->[:firebase_analytics] AndroidManifest.xml:17:17-82
83            <meta-data
83-->[:firebase_auth] AndroidManifest.xml:11:13-13:85
84                android:name="com.google.firebase.components:io.flutter.plugins.firebase.auth.FlutterFirebaseAuthRegistrar"
84-->[:firebase_auth] AndroidManifest.xml:12:17-124
85                android:value="com.google.firebase.components.ComponentRegistrar" />
85-->[:firebase_auth] AndroidManifest.xml:13:17-82
86            <meta-data
86-->[:firebase_database] AndroidManifest.xml:11:13-13:85
87                android:name="com.google.firebase.components:io.flutter.plugins.firebase.database.FlutterFirebaseAppRegistrar"
87-->[:firebase_database] AndroidManifest.xml:12:17-127
88                android:value="com.google.firebase.components.ComponentRegistrar" />
88-->[:firebase_database] AndroidManifest.xml:13:17-82
89            <meta-data
89-->[:firebase_storage] AndroidManifest.xml:11:13-13:85
90                android:name="com.google.firebase.components:io.flutter.plugins.firebase.storage.FlutterFirebaseAppRegistrar"
90-->[:firebase_storage] AndroidManifest.xml:12:17-126
91                android:value="com.google.firebase.components.ComponentRegistrar" />
91-->[:firebase_storage] AndroidManifest.xml:13:17-82
92            <meta-data
92-->[:cloud_firestore] AndroidManifest.xml:11:13-13:85
93                android:name="com.google.firebase.components:io.flutter.plugins.firebase.firestore.FlutterFirebaseFirestoreRegistrar"
93-->[:cloud_firestore] AndroidManifest.xml:12:17-134
94                android:value="com.google.firebase.components.ComponentRegistrar" />
94-->[:cloud_firestore] AndroidManifest.xml:13:17-82
95            <meta-data
95-->[:firebase_core] AndroidManifest.xml:11:13-13:85
96                android:name="com.google.firebase.components:io.flutter.plugins.firebase.core.FlutterFirebaseCoreRegistrar"
96-->[:firebase_core] AndroidManifest.xml:12:17-124
97                android:value="com.google.firebase.components.ComponentRegistrar" />
97-->[:firebase_core] AndroidManifest.xml:13:17-82
98            <meta-data
98-->[com.google.firebase:firebase-auth:21.0.8] AndroidManifest.xml:67:13-69:85
99                android:name="com.google.firebase.components:com.google.firebase.auth.FirebaseAuthRegistrar"
99-->[com.google.firebase:firebase-auth:21.0.8] AndroidManifest.xml:68:17-109
100                android:value="com.google.firebase.components.ComponentRegistrar" />
100-->[com.google.firebase:firebase-auth:21.0.8] AndroidManifest.xml:69:17-82
101            <meta-data
101-->[com.google.firebase:firebase-firestore:24.3.1] AndroidManifest.xml:20:13-22:85
102                android:name="com.google.firebase.components:com.google.firebase.firestore.FirestoreRegistrar"
102-->[com.google.firebase:firebase-firestore:24.3.1] AndroidManifest.xml:21:17-111
103                android:value="com.google.firebase.components.ComponentRegistrar" />
103-->[com.google.firebase:firebase-firestore:24.3.1] AndroidManifest.xml:22:17-82
104            <meta-data
104-->[com.google.firebase:firebase-storage:20.0.2] AndroidManifest.xml:33:13-35:85
105                android:name="com.google.firebase.components:com.google.firebase.storage.StorageRegistrar"
105-->[com.google.firebase:firebase-storage:20.0.2] AndroidManifest.xml:34:17-107
106                android:value="com.google.firebase.components.ComponentRegistrar" />
106-->[com.google.firebase:firebase-storage:20.0.2] AndroidManifest.xml:35:17-82
107            <meta-data
107-->[com.google.android.gms:play-services-measurement-api:21.1.1] AndroidManifest.xml:31:13-33:85
108                android:name="com.google.firebase.components:com.google.firebase.analytics.connector.internal.AnalyticsConnectorRegistrar"
108-->[com.google.android.gms:play-services-measurement-api:21.1.1] AndroidManifest.xml:32:17-139
109                android:value="com.google.firebase.components.ComponentRegistrar" />
109-->[com.google.android.gms:play-services-measurement-api:21.1.1] AndroidManifest.xml:33:17-82
110            <meta-data
110-->[com.google.firebase:firebase-database:20.0.6] AndroidManifest.xml:32:13-34:85
111                android:name="com.google.firebase.components:com.google.firebase.database.DatabaseRegistrar"
111-->[com.google.firebase:firebase-database:20.0.6] AndroidManifest.xml:33:17-109
112                android:value="com.google.firebase.components.ComponentRegistrar" />
112-->[com.google.firebase:firebase-database:20.0.6] AndroidManifest.xml:34:17-82
113            <meta-data
113-->[com.google.firebase:firebase-installations:17.0.3] AndroidManifest.xml:18:13-20:85
114                android:name="com.google.firebase.components:com.google.firebase.installations.FirebaseInstallationsRegistrar"
114-->[com.google.firebase:firebase-installations:17.0.3] AndroidManifest.xml:19:17-127
115                android:value="com.google.firebase.components.ComponentRegistrar" />
115-->[com.google.firebase:firebase-installations:17.0.3] AndroidManifest.xml:20:17-82
116        </service>
117
118        <provider
118-->[:flutter_email_sender] AndroidManifest.xml:10:9-18:20
119            android:name="com.sidlatau.flutteremailsender.FlutterEmailSenderFileProvider"
119-->[:flutter_email_sender] AndroidManifest.xml:11:13-90
120            android:authorities="com.example.highconnect.file_provider"
120-->[:flutter_email_sender] AndroidManifest.xml:12:13-65
121            android:exported="false"
121-->[:flutter_email_sender] AndroidManifest.xml:13:13-37
122            android:grantUriPermissions="true" >
122-->[:flutter_email_sender] AndroidManifest.xml:14:13-47
123            <meta-data
123-->[:flutter_email_sender] AndroidManifest.xml:15:13-17:61
124                android:name="android.support.FILE_PROVIDER_PATHS"
124-->[:flutter_email_sender] AndroidManifest.xml:16:17-67
125                android:resource="@xml/shared_file_paths" />
125-->[:flutter_email_sender] AndroidManifest.xml:17:17-58
126        </provider>
127        <provider
127-->[:image_picker_android] AndroidManifest.xml:10:9-18:20
128            android:name="io.flutter.plugins.imagepicker.ImagePickerFileProvider"
128-->[:image_picker_android] AndroidManifest.xml:11:13-82
129            android:authorities="com.example.highconnect.flutter.image_provider"
129-->[:image_picker_android] AndroidManifest.xml:12:13-74
130            android:exported="false"
130-->[:image_picker_android] AndroidManifest.xml:13:13-37
131            android:grantUriPermissions="true" >
131-->[:image_picker_android] AndroidManifest.xml:14:13-47
132            <meta-data
132-->[:flutter_email_sender] AndroidManifest.xml:15:13-17:61
133                android:name="android.support.FILE_PROVIDER_PATHS"
133-->[:flutter_email_sender] AndroidManifest.xml:16:17-67
134                android:resource="@xml/flutter_image_picker_file_paths" />
134-->[:flutter_email_sender] AndroidManifest.xml:17:17-58
135        </provider>
136
137        <uses-library
137-->[androidx.window:window:1.0.0-beta04] AndroidManifest.xml:25:9-27:40
138            android:name="androidx.window.extensions"
138-->[androidx.window:window:1.0.0-beta04] AndroidManifest.xml:26:13-54
139            android:required="false" />
139-->[androidx.window:window:1.0.0-beta04] AndroidManifest.xml:27:13-37
140        <uses-library
140-->[androidx.window:window:1.0.0-beta04] AndroidManifest.xml:28:9-30:40
141            android:name="androidx.window.sidecar"
141-->[androidx.window:window:1.0.0-beta04] AndroidManifest.xml:29:13-51
142            android:required="false" />
142-->[androidx.window:window:1.0.0-beta04] AndroidManifest.xml:30:13-37
143
144        <activity
144-->[com.google.firebase:firebase-auth:21.0.8] AndroidManifest.xml:27:9-44:20
145            android:name="com.google.firebase.auth.internal.GenericIdpActivity"
145-->[com.google.firebase:firebase-auth:21.0.8] AndroidManifest.xml:28:13-80
146            android:excludeFromRecents="true"
146-->[com.google.firebase:firebase-auth:21.0.8] AndroidManifest.xml:29:13-46
147            android:exported="true"
147-->[com.google.firebase:firebase-auth:21.0.8] AndroidManifest.xml:30:13-36
148            android:launchMode="singleTask"
148-->[com.google.firebase:firebase-auth:21.0.8] AndroidManifest.xml:31:13-44
149            android:theme="@android:style/Theme.Translucent.NoTitleBar" >
149-->[com.google.firebase:firebase-auth:21.0.8] AndroidManifest.xml:32:13-72
150            <intent-filter>
150-->[com.google.firebase:firebase-auth:21.0.8] AndroidManifest.xml:33:13-43:29
151                <action android:name="android.intent.action.VIEW" />
151-->[com.google.firebase:firebase-auth:21.0.8] AndroidManifest.xml:34:17-69
151-->[com.google.firebase:firebase-auth:21.0.8] AndroidManifest.xml:34:25-66
152
153                <category android:name="android.intent.category.DEFAULT" />
153-->[com.google.firebase:firebase-auth:21.0.8] AndroidManifest.xml:36:17-76
153-->[com.google.firebase:firebase-auth:21.0.8] AndroidManifest.xml:36:27-73
154                <category android:name="android.intent.category.BROWSABLE" />
154-->[com.google.firebase:firebase-auth:21.0.8] AndroidManifest.xml:37:17-78
154-->[com.google.firebase:firebase-auth:21.0.8] AndroidManifest.xml:37:27-75
155
156                <data
156-->src\main\AndroidManifest.xml:46:13-47
157                    android:host="firebase.auth"
158                    android:path="/"
159                    android:scheme="genericidp" />
159-->src\main\AndroidManifest.xml:46:19-44
160            </intent-filter>
161        </activity>
162        <activity
162-->[com.google.firebase:firebase-auth:21.0.8] AndroidManifest.xml:45:9-62:20
163            android:name="com.google.firebase.auth.internal.RecaptchaActivity"
163-->[com.google.firebase:firebase-auth:21.0.8] AndroidManifest.xml:46:13-79
164            android:excludeFromRecents="true"
164-->[com.google.firebase:firebase-auth:21.0.8] AndroidManifest.xml:47:13-46
165            android:exported="true"
165-->[com.google.firebase:firebase-auth:21.0.8] AndroidManifest.xml:48:13-36
166            android:launchMode="singleTask"
166-->[com.google.firebase:firebase-auth:21.0.8] AndroidManifest.xml:49:13-44
167            android:theme="@android:style/Theme.Translucent.NoTitleBar" >
167-->[com.google.firebase:firebase-auth:21.0.8] AndroidManifest.xml:50:13-72
168            <intent-filter>
168-->[com.google.firebase:firebase-auth:21.0.8] AndroidManifest.xml:51:13-61:29
169                <action android:name="android.intent.action.VIEW" />
169-->[com.google.firebase:firebase-auth:21.0.8] AndroidManifest.xml:34:17-69
169-->[com.google.firebase:firebase-auth:21.0.8] AndroidManifest.xml:34:25-66
170
171                <category android:name="android.intent.category.DEFAULT" />
171-->[com.google.firebase:firebase-auth:21.0.8] AndroidManifest.xml:36:17-76
171-->[com.google.firebase:firebase-auth:21.0.8] AndroidManifest.xml:36:27-73
172                <category android:name="android.intent.category.BROWSABLE" />
172-->[com.google.firebase:firebase-auth:21.0.8] AndroidManifest.xml:37:17-78
172-->[com.google.firebase:firebase-auth:21.0.8] AndroidManifest.xml:37:27-75
173
174                <data
174-->src\main\AndroidManifest.xml:46:13-47
175                    android:host="firebase.auth"
176                    android:path="/"
177                    android:scheme="recaptcha" />
177-->src\main\AndroidManifest.xml:46:19-44
178            </intent-filter>
179        </activity>
180
181        <provider
181-->[com.google.firebase:firebase-common:20.1.2] AndroidManifest.xml:26:9-31:39
182            android:name="com.google.firebase.provider.FirebaseInitProvider"
182-->[com.google.firebase:firebase-common:20.1.2] AndroidManifest.xml:27:13-77
183            android:authorities="com.example.highconnect.firebaseinitprovider"
183-->[com.google.firebase:firebase-common:20.1.2] AndroidManifest.xml:28:13-72
184            android:directBootAware="true"
184-->[com.google.firebase:firebase-common:20.1.2] AndroidManifest.xml:29:13-43
185            android:exported="false"
185-->[com.google.firebase:firebase-common:20.1.2] AndroidManifest.xml:30:13-37
186            android:initOrder="100" />
186-->[com.google.firebase:firebase-common:20.1.2] AndroidManifest.xml:31:13-36
187
188        <activity
188-->[com.google.android.gms:play-services-auth:20.0.1] AndroidManifest.xml:23:9-27:75
189            android:name="com.google.android.gms.auth.api.signin.internal.SignInHubActivity"
189-->[com.google.android.gms:play-services-auth:20.0.1] AndroidManifest.xml:24:13-93
190            android:excludeFromRecents="true"
190-->[com.google.android.gms:play-services-auth:20.0.1] AndroidManifest.xml:25:13-46
191            android:exported="false"
191-->[com.google.android.gms:play-services-auth:20.0.1] AndroidManifest.xml:26:13-37
192            android:theme="@android:style/Theme.Translucent.NoTitleBar" />
192-->[com.google.android.gms:play-services-auth:20.0.1] AndroidManifest.xml:27:13-72
193        <!--
194            Service handling Google Sign-In user revocation. For apps that do not integrate with
195            Google Sign-In, this service will never be started.
196        -->
197        <service
197-->[com.google.android.gms:play-services-auth:20.0.1] AndroidManifest.xml:33:9-37:51
198            android:name="com.google.android.gms.auth.api.signin.RevocationBoundService"
198-->[com.google.android.gms:play-services-auth:20.0.1] AndroidManifest.xml:34:13-89
199            android:exported="true"
199-->[com.google.android.gms:play-services-auth:20.0.1] AndroidManifest.xml:35:13-36
200            android:permission="com.google.android.gms.auth.api.signin.permission.REVOCATION_NOTIFICATION"
200-->[com.google.android.gms:play-services-auth:20.0.1] AndroidManifest.xml:36:13-107
201            android:visibleToInstantApps="true" />
201-->[com.google.android.gms:play-services-auth:20.0.1] AndroidManifest.xml:37:13-48
202
203        <receiver
203-->[com.google.android.gms:play-services-measurement:21.1.1] AndroidManifest.xml:29:9-33:20
204            android:name="com.google.android.gms.measurement.AppMeasurementReceiver"
204-->[com.google.android.gms:play-services-measurement:21.1.1] AndroidManifest.xml:30:13-85
205            android:enabled="true"
205-->[com.google.android.gms:play-services-measurement:21.1.1] AndroidManifest.xml:31:13-35
206            android:exported="false" >
206-->[com.google.android.gms:play-services-measurement:21.1.1] AndroidManifest.xml:32:13-37
207        </receiver>
208
209        <service
209-->[com.google.android.gms:play-services-measurement:21.1.1] AndroidManifest.xml:35:9-38:40
210            android:name="com.google.android.gms.measurement.AppMeasurementService"
210-->[com.google.android.gms:play-services-measurement:21.1.1] AndroidManifest.xml:36:13-84
211            android:enabled="true"
211-->[com.google.android.gms:play-services-measurement:21.1.1] AndroidManifest.xml:37:13-35
212            android:exported="false" />
212-->[com.google.android.gms:play-services-measurement:21.1.1] AndroidManifest.xml:38:13-37
213        <service
213-->[com.google.android.gms:play-services-measurement:21.1.1] AndroidManifest.xml:39:9-43:72
214            android:name="com.google.android.gms.measurement.AppMeasurementJobService"
214-->[com.google.android.gms:play-services-measurement:21.1.1] AndroidManifest.xml:40:13-87
215            android:enabled="true"
215-->[com.google.android.gms:play-services-measurement:21.1.1] AndroidManifest.xml:41:13-35
216            android:exported="false"
216-->[com.google.android.gms:play-services-measurement:21.1.1] AndroidManifest.xml:42:13-37
217            android:permission="android.permission.BIND_JOB_SERVICE" />
217-->[com.google.android.gms:play-services-measurement:21.1.1] AndroidManifest.xml:43:13-69
218
219        <activity
219-->[com.google.android.gms:play-services-base:18.0.1] AndroidManifest.xml:20:9-22:45
220            android:name="com.google.android.gms.common.api.GoogleApiActivity"
220-->[com.google.android.gms:play-services-base:18.0.1] AndroidManifest.xml:20:19-85
221            android:exported="false"
221-->[com.google.android.gms:play-services-base:18.0.1] AndroidManifest.xml:22:19-43
222            android:theme="@android:style/Theme.Translucent.NoTitleBar" />
222-->[com.google.android.gms:play-services-base:18.0.1] AndroidManifest.xml:21:19-78
223
224        <meta-data
224-->[com.google.android.gms:play-services-basement:18.1.0] AndroidManifest.xml:21:9-23:69
225            android:name="com.google.android.gms.version"
225-->[com.google.android.gms:play-services-basement:18.1.0] AndroidManifest.xml:22:13-58
226            android:value="@integer/google_play_services_version" />
226-->[com.google.android.gms:play-services-basement:18.1.0] AndroidManifest.xml:23:13-66
227
228        <provider
228-->[androidx.emoji2:emoji2:1.0.0] AndroidManifest.xml:26:9-34:20
229            android:name="androidx.startup.InitializationProvider"
229-->[androidx.emoji2:emoji2:1.0.0] AndroidManifest.xml:27:13-67
230            android:authorities="com.example.highconnect.androidx-startup"
230-->[androidx.emoji2:emoji2:1.0.0] AndroidManifest.xml:28:13-68
231            android:exported="false" >
231-->[androidx.emoji2:emoji2:1.0.0] AndroidManifest.xml:29:13-37
232            <meta-data
232-->[androidx.emoji2:emoji2:1.0.0] AndroidManifest.xml:31:13-33:52
233                android:name="androidx.emoji2.text.EmojiCompatInitializer"
233-->[androidx.emoji2:emoji2:1.0.0] AndroidManifest.xml:32:17-75
234                android:value="androidx.startup" />
234-->[androidx.emoji2:emoji2:1.0.0] AndroidManifest.xml:33:17-49
235            <meta-data
235-->[androidx.lifecycle:lifecycle-process:2.4.0] AndroidManifest.xml:31:13-33:52
236                android:name="androidx.lifecycle.ProcessLifecycleInitializer"
236-->[androidx.lifecycle:lifecycle-process:2.4.0] AndroidManifest.xml:32:17-78
237                android:value="androidx.startup" />
237-->[androidx.lifecycle:lifecycle-process:2.4.0] AndroidManifest.xml:33:17-49
238        </provider>
239    </application>
240
241</manifest>